In file included from [01m[K/usr/include/c++/5/thread:35:0[m[K,
                 from [01m[K/opt/ros/kinetic/include/trac_ik/trac_ik.hpp:37[m[K,
                 from [01m[K/home/djole/Master/LWR/software/isir/lwr_ws/install/include/orocos/rtt_ros_kdl_tools/chain_utils.hpp:5[m[K,
                 from [01m[K/home/djole/Master/Thesis/GIT/MT_testing/lwr_rtt_ws/src/lwr_control/include/lwr_control/lwr_control.hpp:29[m[K,
                 from [01m[K/home/djole/Master/Thesis/GIT/MT_testing/lwr_rtt_ws/src/lwr_control/src/lwr_control.cpp:1[m[K:
[01m[K/usr/include/c++/5/bits/c++0x_warning.h:32:2:[m[K [01;31m[Kerror: [m[K#error This file requires compiler and library support for the ISO C++ 2011 standard. This support must be enabled with the -std=c++11 or -std=gnu++11 compiler options.
 #error This file requires compiler and library support \
[01;32m[K  ^[m[K
In file included from [01m[K/home/djole/Master/LWR/software/isir/lwr_ws/install/include/orocos/rtt_ros_kdl_tools/chain_utils.hpp:5:0[m[K,
                 from [01m[K/home/djole/Master/Thesis/GIT/MT_testing/lwr_rtt_ws/src/lwr_control/include/lwr_control/lwr_control.hpp:29[m[K,
                 from [01m[K/home/djole/Master/Thesis/GIT/MT_testing/lwr_rtt_ws/src/lwr_control/src/lwr_control.cpp:1[m[K:
[01m[K/opt/ros/kinetic/include/trac_ik/trac_ik.hpp:93:10:[m[K [01;31m[Kerror: [m[Kâ€˜[01m[Kunique_ptr[m[Kâ€™ in namespace â€˜[01m[Kstd[m[Kâ€™ does not name a template type
     std::unique_ptr<KDL::ChainJntToJacSolver> jacsolver;
[01;32m[K          ^[m[K
[01m[K/opt/ros/kinetic/include/trac_ik/trac_ik.hpp:98:10:[m[K [01;31m[Kerror: [m[Kâ€˜[01m[Kunique_ptr[m[Kâ€™ in namespace â€˜[01m[Kstd[m[Kâ€™ does not name a template type
     std::unique_ptr<NLOPT_IK::NLOPT_IK> nl_solver;
[01;32m[K          ^[m[K
[01m[K/opt/ros/kinetic/include/trac_ik/trac_ik.hpp:99:10:[m[K [01;31m[Kerror: [m[Kâ€˜[01m[Kunique_ptr[m[Kâ€™ in namespace â€˜[01m[Kstd[m[Kâ€™ does not name a template type
     std::unique_ptr<KDL::ChainIkSolverPos_TL> iksolver;
[01;32m[K          ^[m[K
[01m[K/opt/ros/kinetic/include/trac_ik/trac_ik.hpp:116:10:[m[K [01;31m[Kerror: [m[Kâ€˜[01m[Kmutex[m[Kâ€™ in namespace â€˜[01m[Kstd[m[Kâ€™ does not name a type
     std::mutex mtx_;
[01;32m[K          ^[m[K
[01m[K/opt/ros/kinetic/include/trac_ik/trac_ik.hpp:120:10:[m[K [01;31m[Kerror: [m[Kâ€˜[01m[Kthread[m[Kâ€™ in namespace â€˜[01m[Kstd[m[Kâ€™ does not name a type
     std::thread task1,task2;
[01;32m[K          ^[m[K
[01m[K/opt/ros/kinetic/include/trac_ik/trac_ik.hpp:[m[K In member function â€˜[01m[Kbool TRAC_IK::TRAC_IK::setKDLLimits(KDL::JntArray&, KDL::JntArray&)[m[Kâ€™:
[01m[K/opt/ros/kinetic/include/trac_ik/trac_ik.hpp:69:7:[m[K [01;31m[Kerror: [m[Kâ€˜[01m[Knl_solver[m[Kâ€™ was not declared in this scope
       nl_solver.reset(new NLOPT_IK::NLOPT_IK(chain,lb,ub,maxtime,eps,NLOPT_IK::SumSq));
[01;32m[K       ^[m[K
[01m[K/opt/ros/kinetic/include/trac_ik/trac_ik.hpp:70:7:[m[K [01;31m[Kerror: [m[Kâ€˜[01m[Kiksolver[m[Kâ€™ was not declared in this scope
       iksolver.reset(new KDL::ChainIkSolverPos_TL(chain,lb,ub,maxtime,eps,true,true));
[01;32m[K       ^[m[K
[01m[K/opt/ros/kinetic/include/trac_ik/trac_ik.hpp:[m[K In member function â€˜[01m[Kbool TRAC_IK::TRAC_IK::runKDL(const KDL::JntArray&, const KDL::Frame&)[m[Kâ€™:
[01m[K/opt/ros/kinetic/include/trac_ik/trac_ik.hpp:150:24:[m[K [01;31m[Kerror: [m[Kâ€˜[01m[Kiksolver[m[Kâ€™ was not declared in this scope
     return runSolver( *iksolver.get(), *nl_solver.get(), q_init, p_in);
[01;32m[K                        ^[m[K
[01m[K/opt/ros/kinetic/include/trac_ik/trac_ik.hpp:150:41:[m[K [01;31m[Kerror: [m[Kâ€˜[01m[Knl_solver[m[Kâ€™ was not declared in this scope
     return runSolver( *iksolver.get(), *nl_solver.get(), q_init, p_in);
[01;32m[K                                         ^[m[K
[01m[K/opt/ros/kinetic/include/trac_ik/trac_ik.hpp:[m[K In member function â€˜[01m[Kbool TRAC_IK::TRAC_IK::runNLOPT(const KDL::JntArray&, const KDL::Frame&)[m[Kâ€™:
[01m[K/opt/ros/kinetic/include/trac_ik/trac_ik.hpp:155:24:[m[K [01;31m[Kerror: [m[Kâ€˜[01m[Knl_solver[m[Kâ€™ was not declared in this scope
     return runSolver( *nl_solver.get(), *iksolver.get(), q_init, p_in);
[01;32m[K                        ^[m[K
[01m[K/opt/ros/kinetic/include/trac_ik/trac_ik.hpp:155:42:[m[K [01;31m[Kerror: [m[Kâ€˜[01m[Kiksolver[m[Kâ€™ was not declared in this scope
     return runSolver( *nl_solver.get(), *iksolver.get(), q_init, p_in);
[01;32m[K                                          ^[m[K
make[2]: *** [CMakeFiles/lwr_control.dir/src/lwr_control.cpp.o] Error 1
make[1]: *** [CMakeFiles/lwr_control.dir/all] Error 2
make: *** [all] Error 2
